Removed Pin From Net: NetName=GND Pin=LED1-1
Removed Pin From Net: NetName=NetLED1_1 Pin=LED1-2
Removed Pin From Net: NetName=U2TX Pin=LED2-1
Removed Pin From Net: NetName=NetLED2_1 Pin=LED2-2
Removed Pin From Net: NetName=U2RX Pin=LED3-1
Removed Pin From Net: NetName=NetLED3_1 Pin=LED3-2
Removed Pin From Net: NetName=RB12 Pin=Rsens1-A
Removed Pin From Net: NetName=GND Pin=Rsens1-C
Removed Pin From Net: NetName=RB11 Pin=Rsens2-A
Removed Pin From Net: NetName=GND Pin=Rsens2-C
Removed Pin From Net: NetName=RB11 Pin=U1-36
Added Pin To Net: NetName=NetLED1_1 Pin=LED1-1
Added Pin To Net: NetName=GND Pin=LED1-2
Added Pin To Net: NetName=NetLED2_1 Pin=LED2-1
Added Pin To Net: NetName=U2TX Pin=LED2-2
Added Pin To Net: NetName=NetLED3_1 Pin=LED3-1
Added Pin To Net: NetName=U2RX Pin=LED3-2
Added Pin To Net: NetName=RB11 Pin=U1-10
Change Net Name : Old Net Name=RB11 New Net Name=RB8
Added Room: Name=Sheet1
